<?xml version="1.0" encoding="UTF-8"?>
<!-- Generated by org.testng.reporters.JUnitXMLReporter -->
<testsuite ignored="0" hostname="DESKTOP-9KN8F3N" failures="1" tests="1" name="Test" time="50.788" errors="0" timestamp="2023-07-05T22:32:23 IST">
  <testcase classname="com.medsol1.testcases.TC_Billing_AdvancePayments" name="billingadvance" time="27.471">
    <failure type="org.openqa.selenium.ElementClickInterceptedException" message="element click intercepted: Element &amp;lt;input class=&amp;quot;form-control price-input&amp;quot; required=&amp;quot;&amp;quot; onkeyup=&amp;quot;if (/\D/g.test(this.value)) this.value = this.value.replace(/\D/g,&amp;amp;quot;&amp;amp;quot;)&amp;quot; maxlength=&amp;quot;7&amp;quot; name=&amp;quot;amount&amp;quot; type=&amp;quot;text&amp;quot; id=&amp;quot;amount&amp;quot;&amp;gt; is not clickable at point (680, 401). Other element would receive the click: &amp;lt;li class=&amp;quot;select2-results__option select2-results__option--selectable&amp;quot; id=&amp;quot;select2-advancePaymentPatientId-result-6en3-1&amp;quot; role=&amp;quot;option&amp;quot; data-select2-id=&amp;quot;select2-data-select2-advancePaymentPatientId-result-6en3-1&amp;quot; aria-selected=&amp;quot;false&amp;quot;&amp;gt;...&amp;lt;/li&amp;gt;
  (Session info: chrome=114.0.5735.199)
Build info: version: &amp;apos;4.7.2&amp;apos;, revision: &amp;apos;4d4020c3b7&amp;apos;
System info: os.name: &amp;apos;Windows 10&amp;apos;, os.arch: &amp;apos;amd64&amp;apos;, os.version: &amp;apos;10.0&amp;apos;, java.version: &amp;apos;19.0.2&amp;apos;
Driver info: org.openqa.selenium.chrome.ChromeDriver
Command: [57386946b2dc1e92f1c734c8e178384c, clickElement {id=D9200D170091FFA236A9970A5735EB81_element_75}]
Capabilities {acceptInsecureCerts: false, browserName: chrome, browserVersion: 114.0.5735.199, chrome: {chromedriverVersion: 114.0.5735.90 (386bc09e8f4f..., userDataDir: C:\Users\INDIAN\AppData\Loc...}, goog:chromeOptions: {debuggerAddress: localhost:50786}, networkConnectionEnabled: false, pageLoadStrategy: normal, platformName: WINDOWS, proxy: Proxy(), se:cdp: ws://localhost:50786/devtoo..., se:cdpVersion: 114.0.5735.199, setWindowRect: true, strictFileInteractability: false, timeouts: {implicit: 0, pageLoad: 300000, script: 30000}, unhandledPromptBehavior: dismiss and notify, webauthn:extension:credBlob: true, webauthn:extension:largeBlob: true, webauthn:extension:minPinLength: true, webauthn:extension:prf: true, webauthn:virtualAuthenticators: true}
Element: [[ChromeDriver: chrome on WINDOWS (57386946b2dc1e92f1c734c8e178384c)] -&amp;gt; xpath: //input[@id=&amp;apos;amount&amp;apos;]]
Session ID: 57386946b2dc1e92f1c734c8e178384c">
      <![CDATA[org.openqa.selenium.ElementClickInterceptedException: element click intercepted: Element <input class="form-control price-input" required="" onkeyup="if (/\D/g.test(this.value)) this.value = this.value.replace(/\D/g,&quot;&quot;)" maxlength="7" name="amount" type="text" id="amount"> is not clickable at point (680, 401). Other element would receive the click: <li class="select2-results__option select2-results__option--selectable" id="select2-advancePaymentPatientId-result-6en3-1" role="option" data-select2-id="select2-data-select2-advancePaymentPatientId-result-6en3-1" aria-selected="false">...</li>
  (Session info: chrome=114.0.5735.199)
Build info: version: '4.7.2', revision: '4d4020c3b7'
System info: os.name: 'Windows 10', os.arch: 'amd64', os.version: '10.0', java.version: '19.0.2'
Driver info: org.openqa.selenium.chrome.ChromeDriver
Command: [57386946b2dc1e92f1c734c8e178384c, clickElement {id=D9200D170091FFA236A9970A5735EB81_element_75}]
Capabilities {acceptInsecureCerts: false, browserName: chrome, browserVersion: 114.0.5735.199, chrome: {chromedriverVersion: 114.0.5735.90 (386bc09e8f4f..., userDataDir: C:\Users\INDIAN\AppData\Loc...}, goog:chromeOptions: {debuggerAddress: localhost:50786}, networkConnectionEnabled: false, pageLoadStrategy: normal, platformName: WINDOWS, proxy: Proxy(), se:cdp: ws://localhost:50786/devtoo..., se:cdpVersion: 114.0.5735.199, setWindowRect: true, strictFileInteractability: false, timeouts: {implicit: 0, pageLoad: 300000, script: 30000}, unhandledPromptBehavior: dismiss and notify, webauthn:extension:credBlob: true, webauthn:extension:largeBlob: true, webauthn:extension:minPinLength: true, webauthn:extension:prf: true, webauthn:virtualAuthenticators: true}
Element: [[ChromeDriver: chrome on WINDOWS (57386946b2dc1e92f1c734c8e178384c)] -> xpath: //input[@id='amount']]
Session ID: 57386946b2dc1e92f1c734c8e178384c
at org.openqa.selenium.remote.codec.w3c.W3CHttpResponseCodec.createException(W3CHttpResponseCodec.java:200)
at org.openqa.selenium.remote.codec.w3c.W3CHttpResponseCodec.decode(W3CHttpResponseCodec.java:133)
at org.openqa.selenium.remote.codec.w3c.W3CHttpResponseCodec.decode(W3CHttpResponseCodec.java:53)
at org.openqa.selenium.remote.HttpCommandExecutor.execute(HttpCommandExecutor.java:184)
at org.openqa.selenium.remote.service.DriverCommandExecutor.invokeExecute(DriverCommandExecutor.java:167)
at org.openqa.selenium.remote.service.DriverCommandExecutor.execute(DriverCommandExecutor.java:142)
at org.openqa.selenium.remote.RemoteWebDriver.execute(RemoteWebDriver.java:535)
at org.openqa.selenium.remote.RemoteWebElement.execute(RemoteWebElement.java:257)
at org.openqa.selenium.remote.RemoteWebElement.click(RemoteWebElement.java:78)
at org.openqa.selenium.support.pagefactory.internal.LocatingElementHandler.invoke(LocatingElementHandler.java:52)
at jdk.proxy2/jdk.proxy2.$Proxy19.click(Unknown Source)
at com.medol1.pageobjects.BillingAdvancePayments.amount(BillingAdvancePayments.java:63)
at com.medsol1.testcases.TC_Billing_AdvancePayments.billingadvance(TC_Billing_AdvancePayments.java:36)
at java.base/java.util.ArrayList.forEach(ArrayList.java:1511)
... Removed 30 stack frames]]>
    </failure>
  </testcase> <!-- billingadvance -->
</testsuite> <!-- Test -->
